Base path: D:/Program Files (x86)/Unity/Editor/Data
Pipe name: \\.\pipe\UnityShaderCompiler-1-6708
Cmd: getPlatforms
Cmd: preprocess
  insize=1151 outsize=1046 ok=1
Cmd: preprocess
  insize=807 outsize=743 ok=1
Cmd: preprocess
  insize=1163 outsize=1058 ok=1
Cmd: preprocess
  insize=795 outsize=731 ok=1
Cmd: preprocess
  insize=797 outsize=733 ok=1
Cmd: preprocess
  insize=1169 outsize=1064 ok=1
Cmd: preprocess
  insize=695 outsize=1297 ok=1
Cmd: preprocess
  insize=700 outsize=636 ok=1
Cmd: preprocess
  insize=922 outsize=817 ok=1
Cmd: preprocess
  insize=809 outsize=745 ok=1
Cmd: preprocess
  insize=1149 outsize=1044 ok=1
